<?xml version="1.0" encoding="UTF-8"?>
<testsuite xmlns:xsi="http://www.w3.org/2001/XMLSchema-instance" xsi:noNamespaceSchemaLocation="https://maven.apache.org/surefire/maven-surefire-plugin/xsd/surefire-test-report.xsd" name="features.exampleTest" time="0.63" tests="1" errors="1" skipped="0" failures="0">
  <properties>
[...]
</properties>
  <testcase name="testExample[1][1]" classname="features.exampleTest" time="0.051">
    <error message="&apos;void sun.misc.Unsafe.ensureClassInitialized(java.lang.Class)&apos;" type="java.lang.NoSuchMethodError">java.lang.NoSuchMethodError: 'void sun.misc.Unsafe.ensureClassInitialized(java.lang.Class)'
</error>
  </testcase>
</testsuite>